FIRST INSTALL

DATE-TIME: 2017-07-23 00:00:26
Command: make:aktiv8me
PRE-CHECK: OK

2017-07-23 00:00:26 | Creating Directories...
C:\wamp64\www\larapack54\resources\lang/en | Already Exists | 0777
C:\wamp64\www\larapack54\resources\lang/es | Already Exists | 0777
C:\wamp64\www\larapack54\resources\lang/pt | Already Exists | 0777
C:\wamp64\www\larapack54\resources\views/layouts | Created | 0777
C:\wamp64\www\larapack54\resources\views/auth/passwords | Created | 0777
C:\wamp64\www\larapack54\app\Notifications/Aktiv8me | Created | 0777
OK.
2017-07-23 00:00:26 | Creating Backups...
C:\wamp64\www\larapack54\resources\views/welcome.blade.php | C:\wamp64\www\larapack54\resources\views/welcome.blade.php.original | OK
C:\wamp64\www\larapack54\packages\kitano\aktiv8me\src\Console/files/make/views/layouts/app.blade.php | C:\wamp64\www\larapack54\resources\views/layouts/app.blade.php.original | OK
C:\wamp64\www\larapack54\routes/web.php | C:\wamp64\www\larapack54\routes/web.php.original | OK
C:\wamp64\www\larapack54\app\User.php | C:\wamp64\www\larapack54\app\User.php.original | OK
C:\wamp64\www\larapack54\app\Http/Controllers/Auth/LoginController.php | C:\wamp64\www\larapack54\app\Http/Controllers/Auth/LoginController.php.original | OK
C:\wamp64\www\larapack54\app\Http/Controllers/Auth/RegisterController.php | C:\wamp64\www\larapack54\app\Http/Controllers/Auth/RegisterController.php.original | OK
OK.
2017-07-23 00:00:26 | Compiling stubs...
C:\wamp64\www\larapack54\packages\kitano\aktiv8me\src\Console/stubs/make/controllers/HomeController.stub | C:\wamp64\www\larapack54\app\Http/Controllers/HomeController.php | Create
C:\wamp64\www\larapack54\packages\kitano\aktiv8me\src\Console/stubs/make/controllers/RegisterController.stub | C:\wamp64\www\larapack54\app\Http/Controllers/Auth/RegisterController.php | Create
C:\wamp64\www\larapack54\packages\kitano\aktiv8me\src\Console/stubs/make/controllers/LoginController.stub | C:\wamp64\www\larapack54\app\Http/Controllers/Auth/LoginController.php | Create
C:\wamp64\www\larapack54\packages\kitano\aktiv8me\src\Console/stubs/make/models/User.stub | C:\wamp64\www\larapack54\app\User.php | Create
C:\wamp64\www\larapack54\packages\kitano\aktiv8me\src\Console/stubs/make/models/RegistrationToken.stub | C:\wamp64\www\larapack54\app\RegistrationToken.php | Create
C:\wamp64\www\larapack54\packages\kitano\aktiv8me\src\Console/stubs/make/notifications/AlreadyActive.stub | C:\wamp64\www\larapack54\app\Notifications/Aktiv8me/AlreadyActive.php | Create
C:\wamp64\www\larapack54\packages\kitano\aktiv8me\src\Console/stubs/make/notifications/ConfirmEmail.stub | C:\wamp64\www\larapack54\app\Notifications/Aktiv8me/ConfirmEmail.php | Create
C:\wamp64\www\larapack54\packages\kitano\aktiv8me\src\Console/stubs/make/notifications/EmailConfirmed.stub | C:\wamp64\www\larapack54\app\Notifications/Aktiv8me/EmailConfirmed.php | Create
C:\wamp64\www\larapack54\packages\kitano\aktiv8me\src\Console/stubs/make/notifications/TokenRenewed.stub | C:\wamp64\www\larapack54\app\Notifications/Aktiv8me/TokenRenewed.php | Create
C:\wamp64\www\larapack54\packages\kitano\aktiv8me\src\Console/stubs/make/views/layouts/app.stub | C:\wamp64\www\larapack54\resources\views/layouts/app.blade.php | Create
OK.
2017-07-23 00:00:26 | Publishing Files...
C:\wamp64\www\larapack54\packages\kitano\aktiv8me\src\Console/files/make/config/aktiv8me.php | C:\wamp64\www\larapack54\config\aktiv8me.php | Create
C:\wamp64\www\larapack54\packages\kitano\aktiv8me\src\Console/files/make/lang/en/aktiv8me.php | C:\wamp64\www\larapack54\resources\lang/en/aktiv8me.php | Create
C:\wamp64\www\larapack54\packages\kitano\aktiv8me\src\Console/files/make/lang/pt/aktiv8me.php | C:\wamp64\www\larapack54\resources\lang/pt/aktiv8me.php | Create
C:\wamp64\www\larapack54\packages\kitano\aktiv8me\src\Console/files/make/lang/es/aktiv8me.php | C:\wamp64\www\larapack54\resources\lang/es/aktiv8me.php | Create
C:\wamp64\www\larapack54\packages\kitano\aktiv8me\src\Console/files/make/views/auth/login.blade.php | C:\wamp64\www\larapack54\resources\views/auth/login.blade.php | Create
C:\wamp64\www\larapack54\packages\kitano\aktiv8me\src\Console/files/make/views/auth/register.blade.php | C:\wamp64\www\larapack54\resources\views/auth/register.blade.php | Create
C:\wamp64\www\larapack54\packages\kitano\aktiv8me\src\Console/files/make/views/auth/passwords/email.blade.php | C:\wamp64\www\larapack54\resources\views/auth/passwords/email.blade.php | Create
C:\wamp64\www\larapack54\packages\kitano\aktiv8me\src\Console/files/make/views/auth/passwords/reset.blade.php | C:\wamp64\www\larapack54\resources\views/auth/passwords/reset.blade.php | Create
C:\wamp64\www\larapack54\packages\kitano\aktiv8me\src\Console/files/make/views/home.blade.php | C:\wamp64\www\larapack54\resources\views/home.blade.php | Create
C:\wamp64\www\larapack54\packages\kitano\aktiv8me\src\Console/files/make/views/welcome.blade.php | C:\wamp64\www\larapack54\resources\views/welcome.blade.php | Create
OK.
2017-07-23 00:00:26 | Merging Routes...
Auth::routes(); | Added
Route::get('/home', 'HomeController@index')->name('home'); | Added
Route::get('/aktiv8me/verify/{token}', '\App\Http\Controllers\Auth\RegisterController@verify')->name('register.verify'); | Added
Route::get('/aktiv8me/resend', '\App\Http\Controllers\Auth\RegisterController@resend'); | Added
Route::post('/aktiv8me/resend', '\App\Http\Controllers\Auth\RegisterController@resend')->name('register.resend'); | Added
OK.
EXIT
